     Creating library C:\Users\callc\source\repos\IGME209-02\PathfinderDLLv3\Debug\Part3UnitTests.lib and object C:\Users\callc\source\repos\IGME209-02\PathfinderDLLv3\Debug\Part3UnitTests.exp
Part2UnitTests.obj : error LNK2019: unresolved external symbol "__declspec(dllimport) char * __cdecl GetTeam(void)" (__imp_?GetTeam@@YAPADXZ) referenced in function "public: void __thiscall Part2UnitTests::Part2UnitTests::TestGetTeam(void)" (?TestGetTeam@Part2UnitTests@1@QAEXXZ)
Part2UnitTests.obj : error LNK2019: unresolved external symbol "__declspec(dllimport) bool __cdecl SetMaze(int const * *,int,int)" (__imp_?SetMaze@@YA_NPAPBHHH@Z) referenced in function "public: void __thiscall Part2UnitTests::Part2UnitTests::TestSetMaze(void)" (?TestSetMaze@Part2UnitTests@1@QAEXXZ)
Part2UnitTests.obj : error LNK2019: unresolved external symbol "__declspec(dllimport) int * * __cdecl GetMaze(int &,int &)" (__imp_?GetMaze@@YAPAPAHAAH0@Z) referenced in function "public: void __thiscall Part2UnitTests::Part2UnitTests::TestGetMaze(void)" (?TestGetMaze@Part2UnitTests@1@QAEXXZ)
Part2UnitTests.obj : error LNK2019: unresolved external symbol "__declspec(dllimport) bool __cdecl SetStart(int,int)" (__imp_?SetStart@@YA_NHH@Z) referenced in function "public: void __thiscall Part2UnitTests::Part2UnitTests::TestSetStart(void)" (?TestSetStart@Part2UnitTests@1@QAEXXZ)
Part2UnitTests.obj : error LNK2019: unresolved external symbol "__declspec(dllimport) bool __cdecl GetStart(int &,int &)" (__imp_?GetStart@@YA_NAAH0@Z) referenced in function "public: void __thiscall Part2UnitTests::Part2UnitTests::TestGetStart(void)" (?TestGetStart@Part2UnitTests@1@QAEXXZ)
Part2UnitTests.obj : error LNK2019: unresolved external symbol "__declspec(dllimport) bool __cdecl SetEnd(int,int)" (__imp_?SetEnd@@YA_NHH@Z) referenced in function "public: void __thiscall Part2UnitTests::Part2UnitTests::TestSetEnd(void)" (?TestSetEnd@Part2UnitTests@1@QAEXXZ)
Part2UnitTests.obj : error LNK2019: unresolved external symbol "__declspec(dllimport) bool __cdecl GetEnd(int &,int &)" (__imp_?GetEnd@@YA_NAAH0@Z) referenced in function "public: void __thiscall Part2UnitTests::Part2UnitTests::TestGetEnd(void)" (?TestGetEnd@Part2UnitTests@1@QAEXXZ)
C:\Users\callc\source\repos\IGME209-02\PathfinderDLLv3\Debug\Part3UnitTests.dll : fatal error LNK1120: 7 unresolved externals
